{"C:\\Users\\ro-ca\\Documents\\ShawAndPartnersTest\\csv-app-backend\\src\\controllers\\fileController.ts": {"path":"C:\\Users\\ro-ca\\Documents\\ShawAndPartnersTest\\csv-app-backend\\src\\controllers\\fileController.ts","statementMap":{"0":{"start":{"line":4,"column":0},"end":{"line":4,"column":41}},"1":{"start":{"line":5,"column":0},"end":{"line":5,"column":69}},"2":{"start":{"line":7,"column":23},"end":{"line":7,"column":42}},"3":{"start":{"line":9,"column":26},"end":{"line":25,"column":null}},"4":{"start":{"line":12,"column":23},"end":{"line":25,"column":null}},"5":{"start":{"line":13,"column":17},"end":{"line":13,"column":25}},"6":{"start":{"line":14,"column":4},"end":{"line":16,"column":5}},"7":{"start":{"line":15,"column":8},"end":{"line":15,"column":null}},"8":{"start":{"line":18,"column":4},"end":{"line":18,"column":null}},"9":{"start":{"line":20,"column":4},"end":{"line":20,"column":null}},"10":{"start":{"line":22,"column":4},"end":{"line":24,"column":null}},"11":{"start":{"line":9,"column":13},"end":{"line":9,"column":26}}},"fnMap":{"0":{"name":"(anonymous_7)","decl":{"start":{"line":9,"column":26},"end":{"line":9,"column":null}},"loc":{"start":{"line":12,"column":23},"end":{"line":25,"column":null}}},"1":{"name":"(anonymous_8)","decl":{"start":{"line":12,"column":23},"end":{"line":12,"column":null}},"loc":{"start":{"line":12,"column":23},"end":{"line":25,"column":1}}}},"branchMap":{"0":{"loc":{"start":{"line":14,"column":4},"end":{"line":16,"column":5}},"type":"if","locations":[{"start":{"line":14,"column":4},"end":{"line":16,"column":5}}]},"1":{"loc":{"start":{"line":14,"column":8},"end":{"line":14,"column":43}},"type":"binary-expr","locations":[{"start":{"line":14,"column":8},"end":{"line":14,"column":21}},{"start":{"line":14,"column":25},"end":{"line":14,"column":43}}]}},"s":{"0":1,"1":1,"2":1,"3":1,"4":2,"5":2,"6":2,"7":1,"8":1,"9":1,"10":1,"11":1},"f":{"0":2,"1":2},"b":{"0":[1],"1":[2,2]}}
,"C:\\Users\\ro-ca\\Documents\\ShawAndPartnersTest\\csv-app-backend\\src\\controllers\\usersController.ts": {"path":"C:\\Users\\ro-ca\\Documents\\ShawAndPartnersTest\\csv-app-backend\\src\\controllers\\usersController.ts","statementMap":{"0":{"start":{"line":3,"column":0},"end":{"line":3,"column":41}},"1":{"start":{"line":5,"column":23},"end":{"line":5,"column":42}},"2":{"start":{"line":7,"column":27},"end":{"line":34,"column":null}},"3":{"start":{"line":10,"column":23},"end":{"line":34,"column":null}},"4":{"start":{"line":11,"column":18},"end":{"line":11,"column":29}},"5":{"start":{"line":13,"column":4},"end":{"line":15,"column":5}},"6":{"start":{"line":14,"column":8},"end":{"line":14,"column":null}},"7":{"start":{"line":16,"column":4},"end":{"line":18,"column":5}},"8":{"start":{"line":17,"column":8},"end":{"line":17,"column":null}},"9":{"start":{"line":20,"column":20},"end":{"line":27,"column":6}},"10":{"start":{"line":21,"column":8},"end":{"line":25,"column":9}},"11":{"start":{"line":22,"column":12},"end":{"line":24,"column":13}},"12":{"start":{"line":23,"column":16},"end":{"line":23,"column":null}},"13":{"start":{"line":26,"column":8},"end":{"line":26,"column":null}},"14":{"start":{"line":29,"column":4},"end":{"line":31,"column":5}},"15":{"start":{"line":30,"column":8},"end":{"line":30,"column":null}},"16":{"start":{"line":33,"column":4},"end":{"line":33,"column":null}},"17":{"start":{"line":7,"column":13},"end":{"line":7,"column":27}}},"fnMap":{"0":{"name":"(anonymous_7)","decl":{"start":{"line":7,"column":27},"end":{"line":7,"column":null}},"loc":{"start":{"line":10,"column":23},"end":{"line":34,"column":null}}},"1":{"name":"(anonymous_8)","decl":{"start":{"line":10,"column":23},"end":{"line":10,"column":null}},"loc":{"start":{"line":10,"column":23},"end":{"line":34,"column":1}}},"2":{"name":"(anonymous_9)","decl":{"start":{"line":20,"column":32},"end":{"line":20,"column":33}},"loc":{"start":{"line":20,"column":40},"end":{"line":27,"column":5}}}},"branchMap":{"0":{"loc":{"start":{"line":13,"column":4},"end":{"line":15,"column":5}},"type":"if","locations":[{"start":{"line":13,"column":4},"end":{"line":15,"column":5}}]},"1":{"loc":{"start":{"line":13,"column":8},"end":{"line":13,"column":74}},"type":"binary-expr","locations":[{"start":{"line":13,"column":8},"end":{"line":13,"column":33}},{"start":{"line":13,"column":37},"end":{"line":13,"column":51}},{"start":{"line":13,"column":55},"end":{"line":13,"column":74}}]},"2":{"loc":{"start":{"line":16,"column":4},"end":{"line":18,"column":5}},"type":"if","locations":[{"start":{"line":16,"column":4},"end":{"line":18,"column":5}}]},"3":{"loc":{"start":{"line":16,"column":8},"end":{"line":16,"column":61}},"type":"binary-expr","locations":[{"start":{"line":16,"column":8},"end":{"line":16,"column":22}},{"start":{"line":16,"column":26},"end":{"line":16,"column":45}},{"start":{"line":16,"column":49},"end":{"line":16,"column":61}}]},"4":{"loc":{"start":{"line":22,"column":12},"end":{"line":24,"column":13}},"type":"if","locations":[{"start":{"line":22,"column":12},"end":{"line":24,"column":13}}]},"5":{"loc":{"start":{"line":29,"column":4},"end":{"line":31,"column":5}},"type":"if","locations":[{"start":{"line":29,"column":4},"end":{"line":31,"column":5}}]}},"s":{"0":1,"1":1,"2":1,"3":4,"4":4,"5":4,"6":1,"7":3,"8":1,"9":2,"10":4,"11":13,"12":1,"13":3,"14":2,"15":1,"16":1,"17":1},"f":{"0":4,"1":4,"2":4},"b":{"0":[1],"1":[4,1,1],"2":[1],"3":[3,3,3],"4":[1],"5":[1]}}
,"C:\\Users\\ro-ca\\Documents\\ShawAndPartnersTest\\csv-app-backend\\src\\data\\csvData.ts": {"path":"C:\\Users\\ro-ca\\Documents\\ShawAndPartnersTest\\csv-app-backend\\src\\data\\csvData.ts","statementMap":{"0":{"start":{"line":1,"column":13},"end":{"line":1,"column":null}}},"fnMap":{},"branchMap":{},"s":{"0":1},"f":{},"b":{}}
,"C:\\Users\\ro-ca\\Documents\\ShawAndPartnersTest\\csv-app-backend\\src\\utils\\file_utils.ts": {"path":"C:\\Users\\ro-ca\\Documents\\ShawAndPartnersTest\\csv-app-backend\\src\\utils\\file_utils.ts","statementMap":{"0":{"start":{"line":1,"column":0},"end":{"line":1,"column":24}},"1":{"start":{"line":2,"column":0},"end":{"line":2,"column":34}},"2":{"start":{"line":5,"column":27},"end":{"line":16,"column":null}},"3":{"start":{"line":5,"column":70},"end":{"line":16,"column":null}},"4":{"start":{"line":6,"column":4},"end":{"line":15,"column":5}},"5":{"start":{"line":7,"column":22},"end":{"line":7,"column":58}},"6":{"start":{"line":9,"column":8},"end":{"line":12,"column":9}},"7":{"start":{"line":10,"column":12},"end":{"line":10,"column":null}},"8":{"start":{"line":11,"column":12},"end":{"line":11,"column":null}},"9":{"start":{"line":14,"column":8},"end":{"line":14,"column":null}},"10":{"start":{"line":5,"column":13},"end":{"line":5,"column":27}},"11":{"start":{"line":22,"column":4},"end":{"line":40,"column":null}},"12":{"start":{"line":23,"column":8},"end":{"line":39,"column":null}},"13":{"start":{"line":26,"column":31},"end":{"line":28,"column":18}},"14":{"start":{"line":27,"column":20},"end":{"line":27,"column":null}},"15":{"start":{"line":29,"column":16},"end":{"line":31,"column":17}},"16":{"start":{"line":30,"column":20},"end":{"line":30,"column":null}},"17":{"start":{"line":34,"column":16},"end":{"line":34,"column":null}},"18":{"start":{"line":35,"column":16},"end":{"line":35,"column":null}},"19":{"start":{"line":38,"column":16},"end":{"line":38,"column":null}},"20":{"start":{"line":18,"column":0},"end":{"line":18,"column":22}}},"fnMap":{"0":{"name":"(anonymous_14)","decl":{"start":{"line":5,"column":27},"end":{"line":5,"column":34}},"loc":{"start":{"line":5,"column":70},"end":{"line":16,"column":null}}},"1":{"name":"(anonymous_15)","decl":{"start":{"line":5,"column":70},"end":{"line":5,"column":null}},"loc":{"start":{"line":5,"column":70},"end":{"line":16,"column":1}}},"2":{"name":"processDataFromCSV","decl":{"start":{"line":18,"column":22},"end":{"line":18,"column":40}},"loc":{"start":{"line":20,"column":18},"end":{"line":41,"column":null}}},"3":{"name":"(anonymous_18)","decl":{"start":{"line":22,"column":28},"end":{"line":22,"column":29}},"loc":{"start":{"line":22,"column":48},"end":{"line":40,"column":5}}},"4":{"name":"(anonymous_19)","decl":{"start":{"line":25,"column":24},"end":{"line":25,"column":25}},"loc":{"start":{"line":25,"column":40},"end":{"line":32,"column":13}}},"5":{"name":"(anonymous_20)","decl":{"start":{"line":26,"column":41},"end":{"line":26,"column":42}},"loc":{"start":{"line":26,"column":57},"end":{"line":28,"column":17}}},"6":{"name":"(anonymous_21)","decl":{"start":{"line":33,"column":23},"end":{"line":33,"column":26}},"loc":{"start":{"line":33,"column":28},"end":{"line":36,"column":13}}},"7":{"name":"(anonymous_22)","decl":{"start":{"line":37,"column":25},"end":{"line":37,"column":26}},"loc":{"start":{"line":37,"column":35},"end":{"line":39,"column":13}}}},"branchMap":{"0":{"loc":{"start":{"line":29,"column":16},"end":{"line":31,"column":17}},"type":"if","locations":[{"start":{"line":29,"column":16},"end":{"line":31,"column":17}}]}},"s":{"0":1,"1":1,"2":1,"3":2,"4":2,"5":2,"6":1,"7":2,"8":2,"9":1,"10":1,"11":0,"12":0,"13":0,"14":0,"15":0,"16":0,"17":0,"18":0,"19":0,"20":1},"f":{"0":2,"1":2,"2":0,"3":0,"4":0,"5":0,"6":0,"7":0},"b":{"0":[0]}}
}
