TN:
SF:src\controllers\fileController.ts
FN:9,(anonymous_7)
FN:12,(anonymous_8)
FNF:2
FNH:2
FNDA:2,(anonymous_7)
FNDA:2,(anonymous_8)
DA:4,1
DA:5,1
DA:7,1
DA:9,1
DA:12,2
DA:13,2
DA:14,2
DA:15,1
DA:18,1
DA:20,1
DA:22,1
LF:11
LH:11
BRDA:14,0,0,1
BRDA:14,1,0,2
BRDA:14,1,1,2
BRF:3
BRH:3
end_of_record
TN:
SF:src\controllers\usersController.ts
FN:7,(anonymous_7)
FN:10,(anonymous_8)
FN:20,(anonymous_9)
FNF:3
FNH:3
FNDA:4,(anonymous_7)
FNDA:4,(anonymous_8)
FNDA:4,(anonymous_9)
DA:3,1
DA:5,1
DA:7,1
DA:10,4
DA:11,4
DA:13,4
DA:14,1
DA:16,3
DA:17,1
DA:20,2
DA:21,4
DA:22,13
DA:23,1
DA:26,3
DA:29,2
DA:30,1
DA:33,1
LF:17
LH:17
BRDA:13,0,0,1
BRDA:13,1,0,4
BRDA:13,1,1,1
BRDA:13,1,2,1
BRDA:16,2,0,1
BRDA:16,3,0,3
BRDA:16,3,1,3
BRDA:16,3,2,3
BRDA:22,4,0,1
BRDA:29,5,0,1
BRF:10
BRH:10
end_of_record
TN:
SF:src\data\csvData.ts
FNF:0
FNH:0
DA:1,1
LF:1
LH:1
BRF:0
BRH:0
end_of_record
TN:
SF:src\utils\file_utils.ts
FN:5,(anonymous_14)
FN:5,(anonymous_15)
FN:18,processDataFromCSV
FN:22,(anonymous_18)
FN:25,(anonymous_19)
FN:26,(anonymous_20)
FN:33,(anonymous_21)
FN:37,(anonymous_22)
FNF:8
FNH:2
FNDA:2,(anonymous_14)
FNDA:2,(anonymous_15)
FNDA:0,processDataFromCSV
FNDA:0,(anonymous_18)
FNDA:0,(anonymous_19)
FNDA:0,(anonymous_20)
FNDA:0,(anonymous_21)
FNDA:0,(anonymous_22)
DA:1,1
DA:2,1
DA:5,2
DA:6,2
DA:7,2
DA:9,1
DA:10,2
DA:11,2
DA:14,1
DA:18,1
DA:22,0
DA:23,0
DA:26,0
DA:27,0
DA:29,0
DA:30,0
DA:34,0
DA:35,0
DA:38,0
LF:19
LH:10
BRDA:29,0,0,0
BRF:1
BRH:0
end_of_record
